<?xml version="1.0" encoding="UTF-8"?>
<testng-results ignored="0" total="7" passed="4" failed="3" skipped="0">
  <reporter-output>
  </reporter-output>
  <suite started-at="2020-04-01T14:35:23 WAT" name="Suite" finished-at="2020-04-01T14:42:22 WAT" duration-ms="419006">
    <groups>
    </groups>
    <test started-at="2020-04-01T14:35:23 WAT" name="Sign Up" finished-at="2020-04-01T14:35:52 WAT" duration-ms="29121">
      <class name="appiumTest.TestCase.signup">
        <test-method is-config="true" signature="Capabilities()[pri:0, instance:appiumTest.TestCase.signup@3270d194]" started-at="2020-04-01T14:35:23 WAT" name="Capabilities" finished-at="2020-04-01T14:35:34 WAT" duration-ms="11458" status="PASS">
          <reporter-output>
          </reporter-output>
        </test-method> <!-- Capabilities -->
        <test-method is-config="true" signature="setUp()[pri:0, instance:appiumTest.TestCase.signup@3270d194]" started-at="2020-04-01T14:35:34 WAT" name="setUp" finished-at="2020-04-01T14:35:34 WAT" duration-ms="9" status="PASS">
          <reporter-output>
          </reporter-output>
        </test-method> <!-- setUp -->
        <test-method signature="signupTest()[pri:0, instance:appiumTest.TestCase.signup@3270d194]" started-at="2020-04-01T14:35:34 WAT" name="signupTest" finished-at="2020-04-01T14:35:52 WAT" duration-ms="17600" status="FAIL">
          <exception class="java.lang.IllegalArgumentException">
            <message>
              <![CDATA[Cannot find elements when the XPath is null.]]>
            </message>
            <full-stacktrace>
              <![CDATA[java.lang.IllegalArgumentException: Cannot find elements when the XPath is null.
at org.openqa.selenium.By$ByXPath.<init>(By.java:339)
at org.openqa.selenium.By.xpath(By.java:92)
at appiumTest.TestCase.signup.signupTest(signup.java:39)
at java.base/jdk.internal.reflect.NativeMethodAccessorImpl.invoke0(Native Method)
at java.base/jdk.internal.reflect.NativeMethodAccessorImpl.invoke(NativeMethodAccessorImpl.java:62)
at java.base/jdk.internal.reflect.DelegatingMethodAccessorImpl.invoke(DelegatingMethodAccessorImpl.java:43)
at java.base/java.lang.reflect.Method.invoke(Method.java:567)
at org.testng.internal.MethodInvocationHelper.invokeMethod(MethodInvocationHelper.java:133)
at org.testng.internal.TestInvoker.invokeMethod(TestInvoker.java:584)
at org.testng.internal.TestInvoker.invokeTestMethod(TestInvoker.java:172)
at org.testng.internal.MethodRunner.runInSequence(MethodRunner.java:46)
at org.testng.internal.TestInvoker$MethodInvocationAgent.invoke(TestInvoker.java:804)
at org.testng.internal.TestInvoker.invokeTestMethods(TestInvoker.java:145)
at org.testng.internal.TestMethodWorker.invokeTestMethods(TestMethodWorker.java:146)
at org.testng.internal.TestMethodWorker.run(TestMethodWorker.java:128)
at java.base/java.util.ArrayList.forEach(ArrayList.java:1507)
at org.testng.TestRunner.privateRun(TestRunner.java:770)
at org.testng.TestRunner.run(TestRunner.java:591)
at org.testng.SuiteRunner.runTest(SuiteRunner.java:402)
at org.testng.SuiteRunner.runSequentially(SuiteRunner.java:396)
at org.testng.SuiteRunner.privateRun(SuiteRunner.java:355)
at org.testng.SuiteRunner.run(SuiteRunner.java:304)
at org.testng.SuiteRunnerWorker.runSuite(SuiteRunnerWorker.java:53)
at org.testng.SuiteRunnerWorker.run(SuiteRunnerWorker.java:96)
at org.testng.TestNG.runSuitesSequentially(TestNG.java:1180)
at org.testng.TestNG.runSuitesLocally(TestNG.java:1102)
at org.testng.TestNG.runSuites(TestNG.java:1032)
at org.testng.TestNG.run(TestNG.java:1000)
at org.testng.remote.AbstractRemoteTestNG.run(AbstractRemoteTestNG.java:115)
at org.testng.remote.RemoteTestNG.initAndRun(RemoteTestNG.java:251)
at org.testng.remote.RemoteTestNG.main(RemoteTestNG.java:77)
]]>
            </full-stacktrace>
          </exception> <!-- java.lang.IllegalArgumentException -->
          <reporter-output>
          </reporter-output>
        </test-method> <!-- signupTest -->
        <test-method is-config="true" signature="TearDown()[pri:0, instance:appiumTest.TestCase.signup@3270d194]" started-at="2020-04-01T14:35:52 WAT" name="TearDown" finished-at="2020-04-01T14:35:52 WAT" duration-ms="1" status="PASS">
          <reporter-output>
          </reporter-output>
        </test-method> <!-- TearDown -->
      </class> <!-- appiumTest.TestCase.signup -->
    </test> <!-- Sign Up -->
    <test started-at="2020-04-01T14:35:52 WAT" name="Login" finished-at="2020-04-01T14:37:10 WAT" duration-ms="78174">
      <class name="appiumTest.TestCase.loginTest">
        <test-method is-config="true" signature="Capabilities()[pri:0, instance:appiumTest.TestCase.loginTest@c730b35]" started-at="2020-04-01T14:35:52 WAT" name="Capabilities" finished-at="2020-04-01T14:36:06 WAT" duration-ms="13926" status="PASS">
          <reporter-output>
          </reporter-output>
        </test-method> <!-- Capabilities -->
        <test-method is-config="true" signature="setUp()[pri:0, instance:appiumTest.TestCase.loginTest@c730b35]" started-at="2020-04-01T14:36:06 WAT" name="setUp" finished-at="2020-04-01T14:36:06 WAT" duration-ms="4" status="PASS">
          <reporter-output>
          </reporter-output>
        </test-method> <!-- setUp -->
        <test-method signature="InvalidLoginTest()[pri:1, instance:appiumTest.TestCase.loginTest@c730b35]" started-at="2020-04-01T14:36:06 WAT" name="InvalidLoginTest" finished-at="2020-04-01T14:36:36 WAT" duration-ms="30475" status="PASS">
          <reporter-output>
          </reporter-output>
        </test-method> <!-- InvalidLoginTest -->
        <test-method signature="ValidLoginTest()[pri:2, instance:appiumTest.TestCase.loginTest@c730b35]" started-at="2020-04-01T14:36:36 WAT" name="ValidLoginTest" finished-at="2020-04-01T14:37:10 WAT" duration-ms="33753" status="PASS">
          <reporter-output>
          </reporter-output>
        </test-method> <!-- ValidLoginTest -->
        <test-method is-config="true" signature="TearDown()[pri:0, instance:appiumTest.TestCase.loginTest@c730b35]" started-at="2020-04-01T14:37:10 WAT" name="TearDown" finished-at="2020-04-01T14:37:10 WAT" duration-ms="1" status="PASS">
          <reporter-output>
          </reporter-output>
        </test-method> <!-- TearDown -->
      </class> <!-- appiumTest.TestCase.loginTest -->
    </test> <!-- Login -->
    <test started-at="2020-04-01T14:37:10 WAT" name="Timeline" finished-at="2020-04-01T14:38:15 WAT" duration-ms="65263">
      <class name="appiumTest.TestCase.timeline">
        <test-method is-config="true" signature="Capabilities()[pri:0, instance:appiumTest.TestCase.timeline@38425407]" started-at="2020-04-01T14:37:10 WAT" name="Capabilities" finished-at="2020-04-01T14:37:22 WAT" duration-ms="11907" status="PASS">
          <reporter-output>
          </reporter-output>
        </test-method> <!-- Capabilities -->
        <test-method is-config="true" signature="setUp()[pri:0, instance:appiumTest.TestCase.timeline@38425407]" started-at="2020-04-01T14:37:22 WAT" name="setUp" finished-at="2020-04-01T14:37:22 WAT" duration-ms="7" status="PASS">
          <reporter-output>
          </reporter-output>
        </test-method> <!-- setUp -->
        <test-method signature="TimelineTest()[pri:0, instance:appiumTest.TestCase.timeline@38425407]" started-at="2020-04-01T14:37:22 WAT" name="TimelineTest" finished-at="2020-04-01T14:38:15 WAT" duration-ms="53343" status="PASS">
          <reporter-output>
          </reporter-output>
        </test-method> <!-- TimelineTest -->
        <test-method is-config="true" signature="TearDown()[pri:0, instance:appiumTest.TestCase.timeline@38425407]" started-at="2020-04-01T14:38:15 WAT" name="TearDown" finished-at="2020-04-01T14:38:15 WAT" duration-ms="0" status="PASS">
          <reporter-output>
          </reporter-output>
        </test-method> <!-- TearDown -->
      </class> <!-- appiumTest.TestCase.timeline -->
    </test> <!-- Timeline -->
    <test started-at="2020-04-01T14:38:15 WAT" name="Virtual Assistance" finished-at="2020-04-01T14:40:11 WAT" duration-ms="115603">
      <class name="appiumTest.TestCase.virtualAssistance">
        <test-method is-config="true" signature="Capabilities()[pri:0, instance:appiumTest.TestCase.virtualAssistance@327514f]" started-at="2020-04-01T14:38:15 WAT" name="Capabilities" finished-at="2020-04-01T14:38:30 WAT" duration-ms="14372" status="PASS">
          <reporter-output>
          </reporter-output>
        </test-method> <!-- Capabilities -->
        <test-method is-config="true" signature="setUp()[pri:0, instance:appiumTest.TestCase.virtualAssistance@327514f]" started-at="2020-04-01T14:38:30 WAT" name="setUp" finished-at="2020-04-01T14:38:30 WAT" duration-ms="5" status="PASS">
          <reporter-output>
          </reporter-output>
        </test-method> <!-- setUp -->
        <test-method signature="VirtualAssistance()[pri:0, instance:appiumTest.TestCase.virtualAssistance@327514f]" started-at="2020-04-01T14:38:30 WAT" name="VirtualAssistance" finished-at="2020-04-01T14:40:11 WAT" duration-ms="101216" status="FAIL">
          <exception class="org.openqa.selenium.NoSuchElementException">
            <message>
              <![CDATA[An element could not be located on the page using the given search parameters.
For documentation on this error, please visit: https://www.seleniumhq.org/exceptions/no_such_element.html
Build info: version: '3.141.59', revision: 'e82be7d358', time: '2018-11-14T08:25:48'
System info: host: '2015s-MBP', ip: 'fe80:0:0:0:14fd:134b:8c4f:85f7%en0', os.name: 'Mac OS X', os.arch: 'x86_64', os.version: '10.15.2', java.version: '13.0.1'
Driver info: com.microsoft.appcenter.appium.EnhancedAndroidDriver
Capabilities {app: /Users/netowsolutions/Docum..., appActivity: com.mycareai.MainActivity, appPackage: com.mycareai, automationName: uiautomator2, databaseEnabled: false, desired: {app: /Users/netowsolutions/Docum..., appActivity: com.mycareai.MainActivity, appPackage: com.mycareai, automationName: uiautomator2, deviceName: Android Device, newCommandTimeout: 2913, platformName: android}, deviceApiLevel: 27, deviceManufacturer: Google, deviceModel: Android SDK built for x86, deviceName: emulator-5554, deviceScreenDensity: 400, deviceScreenSize: 1080x2160, deviceUDID: emulator-5554, javascriptEnabled: true, locationContextEnabled: false, networkConnectionEnabled: true, newCommandTimeout: 2913, pixelRatio: 2.5, platform: LINUX, platformName: LINUX, platformVersion: 8.1.0, statBarHeight: 60, takesScreenshot: true, viewportRect: {height: 1980, left: 0, top: 60, width: 1080}, warnings: {}, webStorageEnabled: false}
Session ID: 81a3d3e1-3196-4b75-aabe-25b0723b0621
*** Element info: {Using=xpath, value=/hierarchy/android.widget.FrameLayout/android.widget.LinearLayout/android.widget.FrameLayout/android.widget.LinearLayout/android.widget.FrameLayout/android.widget.FrameLayout/android.view.ViewGroup/android.view.ViewGroup/android.view.ViewGroup/android.view.ViewGroup/android.view.ViewGroup/android.view.ViewGroup/android.view.ViewGroup/android.view.ViewGroup/android.view.ViewGroup/android.view.ViewGroup[2]/android.view.ViewGroup[1]/android.widget.ScrollView/android.view.ViewGroup/android.view.ViewGroup[2]/android.view.ViewGroup[2]/android.widget.HorizontalScrollView/android.view.ViewGroup/android.view.ViewGroup/android.view.ViewGroup/android.view.ViewGroup/android.view.ViewGroup[3]/android.view.ViewGroup/android.widget.TextView}]]>
            </message>
            <full-stacktrace>
              <![CDATA[org.openqa.selenium.NoSuchElementException: An element could not be located on the page using the given search parameters.
For documentation on this error, please visit: https://www.seleniumhq.org/exceptions/no_such_element.html
Build info: version: '3.141.59', revision: 'e82be7d358', time: '2018-11-14T08:25:48'
System info: host: '2015s-MBP', ip: 'fe80:0:0:0:14fd:134b:8c4f:85f7%en0', os.name: 'Mac OS X', os.arch: 'x86_64', os.version: '10.15.2', java.version: '13.0.1'
Driver info: com.microsoft.appcenter.appium.EnhancedAndroidDriver
Capabilities {app: /Users/netowsolutions/Docum..., appActivity: com.mycareai.MainActivity, appPackage: com.mycareai, automationName: uiautomator2, databaseEnabled: false, desired: {app: /Users/netowsolutions/Docum..., appActivity: com.mycareai.MainActivity, appPackage: com.mycareai, automationName: uiautomator2, deviceName: Android Device, newCommandTimeout: 2913, platformName: android}, deviceApiLevel: 27, deviceManufacturer: Google, deviceModel: Android SDK built for x86, deviceName: emulator-5554, deviceScreenDensity: 400, deviceScreenSize: 1080x2160, deviceUDID: emulator-5554, javascriptEnabled: true, locationContextEnabled: false, networkConnectionEnabled: true, newCommandTimeout: 2913, pixelRatio: 2.5, platform: LINUX, platformName: LINUX, platformVersion: 8.1.0, statBarHeight: 60, takesScreenshot: true, viewportRect: {height: 1980, left: 0, top: 60, width: 1080}, warnings: {}, webStorageEnabled: false}
Session ID: 81a3d3e1-3196-4b75-aabe-25b0723b0621
*** Element info: {Using=xpath, value=/hierarchy/android.widget.FrameLayout/android.widget.LinearLayout/android.widget.FrameLayout/android.widget.LinearLayout/android.widget.FrameLayout/android.widget.FrameLayout/android.view.ViewGroup/android.view.ViewGroup/android.view.ViewGroup/android.view.ViewGroup/android.view.ViewGroup/android.view.ViewGroup/android.view.ViewGroup/android.view.ViewGroup/android.view.ViewGroup/android.view.ViewGroup[2]/android.view.ViewGroup[1]/android.widget.ScrollView/android.view.ViewGroup/android.view.ViewGroup[2]/android.view.ViewGroup[2]/android.widget.HorizontalScrollView/android.view.ViewGroup/android.view.ViewGroup/android.view.ViewGroup/android.view.ViewGroup/android.view.ViewGroup[3]/android.view.ViewGroup/android.widget.TextView}
at java.base/jdk.internal.reflect.NativeConstructorAccessorImpl.newInstance0(Native Method)
at java.base/jdk.internal.reflect.NativeConstructorAccessorImpl.newInstance(NativeConstructorAccessorImpl.java:62)
at java.base/jdk.internal.reflect.DelegatingConstructorAccessorImpl.newInstance(DelegatingConstructorAccessorImpl.java:45)
at java.base/java.lang.reflect.Constructor.newInstanceWithCaller(Constructor.java:500)
at java.base/java.lang.reflect.Constructor.newInstance(Constructor.java:481)
at org.openqa.selenium.remote.http.W3CHttpResponseCodec.createException(W3CHttpResponseCodec.java:187)
at org.openqa.selenium.remote.http.W3CHttpResponseCodec.decode(W3CHttpResponseCodec.java:122)
at org.openqa.selenium.remote.http.W3CHttpResponseCodec.decode(W3CHttpResponseCodec.java:49)
at org.openqa.selenium.remote.HttpCommandExecutor.execute(HttpCommandExecutor.java:158)
at io.appium.java_client.remote.AppiumCommandExecutor.execute(AppiumCommandExecutor.java:218)
at org.openqa.selenium.remote.RemoteWebDriver.execute(RemoteWebDriver.java:552)
at io.appium.java_client.DefaultGenericMobileDriver.execute(DefaultGenericMobileDriver.java:42)
at io.appium.java_client.AppiumDriver.execute(AppiumDriver.java:1)
at io.appium.java_client.android.AndroidDriver.execute(AndroidDriver.java:1)
at org.openqa.selenium.remote.RemoteWebDriver.findElement(RemoteWebDriver.java:323)
at io.appium.java_client.DefaultGenericMobileDriver.findElement(DefaultGenericMobileDriver.java:62)
at io.appium.java_client.AppiumDriver.findElement(AppiumDriver.java:1)
at io.appium.java_client.android.AndroidDriver.findElement(AndroidDriver.java:1)
at org.openqa.selenium.remote.RemoteWebDriver.findElementByXPath(RemoteWebDriver.java:428)
at io.appium.java_client.DefaultGenericMobileDriver.findElementByXPath(DefaultGenericMobileDriver.java:152)
at io.appium.java_client.AppiumDriver.findElementByXPath(AppiumDriver.java:1)
at io.appium.java_client.android.AndroidDriver.findElementByXPath(AndroidDriver.java:1)
at org.openqa.selenium.By$ByXPath.findElement(By.java:353)
at org.openqa.selenium.remote.RemoteWebDriver.findElement(RemoteWebDriver.java:315)
at io.appium.java_client.DefaultGenericMobileDriver.findElement(DefaultGenericMobileDriver.java:58)
at io.appium.java_client.AppiumDriver.findElement(AppiumDriver.java:1)
at io.appium.java_client.android.AndroidDriver.findElement(AndroidDriver.java:1)
at appiumTest.TestCase.virtualAssistance.VirtualAssistance(virtualAssistance.java:78)
at java.base/jdk.internal.reflect.NativeMethodAccessorImpl.invoke0(Native Method)
at java.base/jdk.internal.reflect.NativeMethodAccessorImpl.invoke(NativeMethodAccessorImpl.java:62)
at java.base/jdk.internal.reflect.DelegatingMethodAccessorImpl.invoke(DelegatingMethodAccessorImpl.java:43)
at java.base/java.lang.reflect.Method.invoke(Method.java:567)
at org.testng.internal.MethodInvocationHelper.invokeMethod(MethodInvocationHelper.java:133)
at org.testng.internal.TestInvoker.invokeMethod(TestInvoker.java:584)
at org.testng.internal.TestInvoker.invokeTestMethod(TestInvoker.java:172)
at org.testng.internal.MethodRunner.runInSequence(MethodRunner.java:46)
at org.testng.internal.TestInvoker$MethodInvocationAgent.invoke(TestInvoker.java:804)
at org.testng.internal.TestInvoker.invokeTestMethods(TestInvoker.java:145)
at org.testng.internal.TestMethodWorker.invokeTestMethods(TestMethodWorker.java:146)
at org.testng.internal.TestMethodWorker.run(TestMethodWorker.java:128)
at java.base/java.util.ArrayList.forEach(ArrayList.java:1507)
at org.testng.TestRunner.privateRun(TestRunner.java:770)
at org.testng.TestRunner.run(TestRunner.java:591)
at org.testng.SuiteRunner.runTest(SuiteRunner.java:402)
at org.testng.SuiteRunner.runSequentially(SuiteRunner.java:396)
at org.testng.SuiteRunner.privateRun(SuiteRunner.java:355)
at org.testng.SuiteRunner.run(SuiteRunner.java:304)
at org.testng.SuiteRunnerWorker.runSuite(SuiteRunnerWorker.java:53)
at org.testng.SuiteRunnerWorker.run(SuiteRunnerWorker.java:96)
at org.testng.TestNG.runSuitesSequentially(TestNG.java:1180)
at org.testng.TestNG.runSuitesLocally(TestNG.java:1102)
at org.testng.TestNG.runSuites(TestNG.java:1032)
at org.testng.TestNG.run(TestNG.java:1000)
at org.testng.remote.AbstractRemoteTestNG.run(AbstractRemoteTestNG.java:115)
at org.testng.remote.RemoteTestNG.initAndRun(RemoteTestNG.java:251)
at org.testng.remote.RemoteTestNG.main(RemoteTestNG.java:77)
]]>
            </full-stacktrace>
          </exception> <!-- org.openqa.selenium.NoSuchElementException -->
          <reporter-output>
          </reporter-output>
        </test-method> <!-- VirtualAssistance -->
        <test-method is-config="true" signature="TearDown()[pri:0, instance:appiumTest.TestCase.virtualAssistance@327514f]" started-at="2020-04-01T14:40:11 WAT" name="TearDown" finished-at="2020-04-01T14:40:11 WAT" duration-ms="0" status="PASS">
          <reporter-output>
          </reporter-output>
        </test-method> <!-- TearDown -->
      </class> <!-- appiumTest.TestCase.virtualAssistance -->
    </test> <!-- Virtual Assistance -->
    <test started-at="2020-04-01T14:40:11 WAT" name="Share" finished-at="2020-04-01T14:41:15 WAT" duration-ms="64124">
      <class name="appiumTest.TestCase.share">
        <test-method is-config="true" signature="Capabilities()[pri:0, instance:appiumTest.TestCase.share@6150c3ec]" started-at="2020-04-01T14:40:11 WAT" name="Capabilities" finished-at="2020-04-01T14:40:24 WAT" duration-ms="13283" status="PASS">
          <reporter-output>
          </reporter-output>
        </test-method> <!-- Capabilities -->
        <test-method is-config="true" signature="setUp()[pri:0, instance:appiumTest.TestCase.share@6150c3ec]" started-at="2020-04-01T14:40:24 WAT" name="setUp" finished-at="2020-04-01T14:40:24 WAT" duration-ms="5" status="PASS">
          <reporter-output>
          </reporter-output>
        </test-method> <!-- setUp -->
        <test-method signature="shareConnection()[pri:0, instance:appiumTest.TestCase.share@6150c3ec]" started-at="2020-04-01T14:40:24 WAT" name="shareConnection" finished-at="2020-04-01T14:41:15 WAT" duration-ms="50832" status="PASS">
          <reporter-output>
          </reporter-output>
        </test-method> <!-- shareConnection -->
        <test-method is-config="true" signature="TearDown()[pri:0, instance:appiumTest.TestCase.share@6150c3ec]" started-at="2020-04-01T14:41:15 WAT" name="TearDown" finished-at="2020-04-01T14:41:15 WAT" duration-ms="1" status="PASS">
          <reporter-output>
          </reporter-output>
        </test-method> <!-- TearDown -->
      </class> <!-- appiumTest.TestCase.share -->
    </test> <!-- Share -->
    <test started-at="2020-04-01T14:41:15 WAT" name="Connection" finished-at="2020-04-01T14:42:22 WAT" duration-ms="66496">
      <class name="appiumTest.TestCase.connection">
        <test-method is-config="true" signature="Capabilities()[pri:0, instance:appiumTest.TestCase.connection@5aa9e4eb]" started-at="2020-04-01T14:41:15 WAT" name="Capabilities" finished-at="2020-04-01T14:41:31 WAT" duration-ms="15487" status="PASS">
          <reporter-output>
          </reporter-output>
        </test-method> <!-- Capabilities -->
        <test-method is-config="true" signature="setUp()[pri:0, instance:appiumTest.TestCase.connection@5aa9e4eb]" started-at="2020-04-01T14:41:31 WAT" name="setUp" finished-at="2020-04-01T14:41:31 WAT" duration-ms="4" status="PASS">
          <reporter-output>
          </reporter-output>
        </test-method> <!-- setUp -->
        <test-method signature="payerConnection()[pri:0, instance:appiumTest.TestCase.connection@5aa9e4eb]" started-at="2020-04-01T14:41:31 WAT" name="payerConnection" finished-at="2020-04-01T14:42:22 WAT" duration-ms="51003" status="FAIL">
          <exception class="java.lang.IllegalArgumentException">
            <message>
              <![CDATA[Cannot find elements when the XPath is null.]]>
            </message>
            <full-stacktrace>
              <![CDATA[java.lang.IllegalArgumentException: Cannot find elements when the XPath is null.
at org.openqa.selenium.By$ByXPath.<init>(By.java:339)
at org.openqa.selenium.By.xpath(By.java:92)
at appiumTest.TestCase.connection.payerConnection(connection.java:67)
at java.base/jdk.internal.reflect.NativeMethodAccessorImpl.invoke0(Native Method)
at java.base/jdk.internal.reflect.NativeMethodAccessorImpl.invoke(NativeMethodAccessorImpl.java:62)
at java.base/jdk.internal.reflect.DelegatingMethodAccessorImpl.invoke(DelegatingMethodAccessorImpl.java:43)
at java.base/java.lang.reflect.Method.invoke(Method.java:567)
at org.testng.internal.MethodInvocationHelper.invokeMethod(MethodInvocationHelper.java:133)
at org.testng.internal.TestInvoker.invokeMethod(TestInvoker.java:584)
at org.testng.internal.TestInvoker.invokeTestMethod(TestInvoker.java:172)
at org.testng.internal.MethodRunner.runInSequence(MethodRunner.java:46)
at org.testng.internal.TestInvoker$MethodInvocationAgent.invoke(TestInvoker.java:804)
at org.testng.internal.TestInvoker.invokeTestMethods(TestInvoker.java:145)
at org.testng.internal.TestMethodWorker.invokeTestMethods(TestMethodWorker.java:146)
at org.testng.internal.TestMethodWorker.run(TestMethodWorker.java:128)
at java.base/java.util.ArrayList.forEach(ArrayList.java:1507)
at org.testng.TestRunner.privateRun(TestRunner.java:770)
at org.testng.TestRunner.run(TestRunner.java:591)
at org.testng.SuiteRunner.runTest(SuiteRunner.java:402)
at org.testng.SuiteRunner.runSequentially(SuiteRunner.java:396)
at org.testng.SuiteRunner.privateRun(SuiteRunner.java:355)
at org.testng.SuiteRunner.run(SuiteRunner.java:304)
at org.testng.SuiteRunnerWorker.runSuite(SuiteRunnerWorker.java:53)
at org.testng.SuiteRunnerWorker.run(SuiteRunnerWorker.java:96)
at org.testng.TestNG.runSuitesSequentially(TestNG.java:1180)
at org.testng.TestNG.runSuitesLocally(TestNG.java:1102)
at org.testng.TestNG.runSuites(TestNG.java:1032)
at org.testng.TestNG.run(TestNG.java:1000)
at org.testng.remote.AbstractRemoteTestNG.run(AbstractRemoteTestNG.java:115)
at org.testng.remote.RemoteTestNG.initAndRun(RemoteTestNG.java:251)
at org.testng.remote.RemoteTestNG.main(RemoteTestNG.java:77)
]]>
            </full-stacktrace>
          </exception> <!-- java.lang.IllegalArgumentException -->
          <reporter-output>
          </reporter-output>
        </test-method> <!-- payerConnection -->
        <test-method is-config="true" signature="TearDown()[pri:0, instance:appiumTest.TestCase.connection@5aa9e4eb]" started-at="2020-04-01T14:42:22 WAT" name="TearDown" finished-at="2020-04-01T14:42:22 WAT" duration-ms="0" status="PASS">
          <reporter-output>
          </reporter-output>
        </test-method> <!-- TearDown -->
      </class> <!-- appiumTest.TestCase.connection -->
    </test> <!-- Connection -->
  </suite> <!-- Suite -->
</testng-results>
